<?xml version="1.0" encoding="UTF-8" ?>
<testsuite tests="5" failures="0" name="fizzbuzz.RunCucumberTest" time="0.493" errors="0" skipped="0">
  <properties>
[...]
</properties>
  <testcase classname="Obtain the right result based on the parameters" name="No parameters are sent" time="0.438"/>
  <testcase classname="Obtain the right result based on the parameters" name="Only three or multiple of three are sent" time="0.02"/>
  <testcase classname="Obtain the right result based on the parameters" name="Only five or multiple of five are sent" time="0.008"/>
  <testcase classname="Obtain the right result based on the parameters" name="Only non multiples of three and five are sent" time="0.005"/>
  <testcase classname="Obtain the right result based on the parameters" name="All types of numbers are sent" time="0.022"/>
</testsuite>